[23:08:56] [Server thread/INFO]: Starting minecraft server version 1.8
[23:08:57] [Server thread/INFO]: Loading properties
[23:08:57] [Server thread/INFO]: Default game type: SURVIVAL
[23:08:57] [Server thread/INFO]: Generating keypair
[23:08:58] [Server thread/INFO]: Starting Minecraft server on 192.168.0.105:25565
[23:09:02] [Server thread/INFO]: This server is running CraftBukkit version git-Bukkit-bc03b6f (MC: 1.8) (Implementing API version 1.8-R0.1-SNAPSHOT)
[23:09:02] [Server thread/WARN]: **** SERVER IS RUNNING IN OFFLINE/INSECURE MODE!
[23:09:02] [Server thread/WARN]: The server will make no attempt to authenticate usernames. Beware.
[23:09:02] [Server thread/WARN]: While this makes the game possible to play without internet access, it also opens up the ability for hackers to connect with any username they choose.
[23:09:02] [Server thread/WARN]: To change this, set "online-mode" to "true" in the server.properties file.
[23:09:02] [Server thread/INFO]: Preparing level "world"
[23:09:03] [Server thread/INFO]: Preparing start region for level 0 (Seed: 7279931851898697149)
[23:09:04] [Server thread/INFO]: Preparing spawn area: 0%
[23:09:05] [Server thread/INFO]: Preparing spawn area: 3%
[23:09:06] [Server thread/INFO]: Preparing spawn area: 12%
[23:09:07] [Server thread/INFO]: Preparing spawn area: 36%
[23:09:08] [Server thread/INFO]: Preparing spawn area: 57%
[23:09:09] [Server thread/INFO]: Preparing spawn area: 69%
[23:09:10] [Server thread/INFO]: Preparing spawn area: 78%
[23:09:11] [Server thread/INFO]: Preparing spawn area: 93%
[23:09:12] [Server thread/INFO]: Preparing start region for level 1 (Seed: 7279931851898697149)
[23:09:13] [Server thread/INFO]: Preparing spawn area: 22%
[23:09:14] [Server thread/INFO]: Preparing spawn area: 47%
[23:09:15] [Server thread/INFO]: Preparing spawn area: 66%
[23:09:16] [Server thread/INFO]: Preparing spawn area: 95%
[23:09:16] [Server thread/INFO]: Preparing start region for level 2 (Seed: 7279931851898697149)
[23:09:17] [Server thread/INFO]: Preparing spawn area: 42%
[23:09:19] [Server thread/INFO]: Preparing spawn area: 95%
[23:09:19] [Server thread/INFO]: Server permissions file permissions.yml is empty, ignoring it
[23:09:19] [Server thread/INFO]: Done (16.701s)! For help, type "help" or "?"
[23:09:22] [Server thread/WARN]: Can't keep up! Did the system time change, or is the server overloaded? Running 2714ms behind, skipping 54 tick(s)
